00:59:20.396 > ␛[37m␛[37m
00:59:20.397 > IP: 192.168.0.133
00:59:25.394 > ␛[37me␛[37msp dice conectado
00:59:31.378 > ␛[37mO␛[37mK
00:59:39.402 > ␛[37m␛[37m
00:59:39.402 > ok al deserealizar
00:59:45.389 > ␛[37m␛[37m
00:59:45.389 > 184.57
00:59:48.387 > ␛[37m␛[37m
00:59:48.388 > 206.00
00:59:54.408 > ␛[37m␛[37m
00:59:54.408 > Obteniendo datos de Firebase..␛[37m.␛[37m
00:59:57.381 > ␛[37m␛[37m
00:59:57.381 > 
00:59:58.454 > ␛[37m␛[37m
00:59:58.454 > --------------- CUT HERE FOR E␛[37mX␛[37mCEPTION DECODER ---------------␛[37me␛[37m0000040e 000000000000 
00:59:59.477 > ␛[37m␛[37m
00:59:59.477 > 01 000000000 00 
01:00:00.516 > ␛[37m␛[37m
01:00:00.516 > 020 00 000000000 401 000000000␛[37m0␛[37m00 402:000000 0 808 00 00 ab 
01:00:01.511 > ␛[37m␛[37m
01:00:01.511 > 40 01 00f
01:00:02.525 > ␛[37m␛[37m
01:00:02.525 > 4000100fc0 f8 0f 4c 
01:00:03.525 > ␛[37m␛[37m
01:00:03.525 > 40001d 32c 75 32 f7 
01:00:06.463 > ␛[37m␛[37m
01:00:06.463 > 400010:0ccd3 50 4000..
01:00:08.442 > ␛[37m␛[37m
01:00:08.443 > ..
